
> cv_analyzer@0.1.0 build
> next build

▲ Next.js 16.2.6 (Turbopack)

  Creating an optimized production build ...
✓ Compiled successfully in 4.6s
  Running TypeScript ...
  Finished TypeScript in 3.7s ...
  Collecting page data using 7 workers ...
  Generating static pages using 7 workers (0/7) ...
  Generating static pages using 7 workers (1/7) 
  Generating static pages using 7 workers (3/7) 
  Generating static pages using 7 workers (5/7) 
✓ Generating static pages using 7 workers (7/7) in 670ms
  Finalizing page optimization ...

Route (app)
┌ ○ /
├ ○ /_not-found
├ ƒ /api/analyze
├ ƒ /api/pdf/cover-letter
└ ƒ /api/pdf/cv


○  (Static)   prerendered as static content
ƒ  (Dynamic)  server-rendered on demand

BUILD_EXIT=0
